# JRE version: OpenJDK Runtime Environment Temurin-17.0.11+9 (17.0.11+9) (build 17.0.11+9)
# Java VM: OpenJDK 64-Bit Server VM Temurin-17.0.11+9 (17.0.11+9, mixed mode, tiered, compressed oops, compressed class ptrs, parallel gc, windows-amd64)
GC Precious Log:
 CPUs: 12 total, 12 available
 Memory: 5989M
 Large Page Support: Disabled
 NUMA Support: Disabled
 Compressed Oops: Enabled (32-bit)
 Alignments: Space 512K, Generation 512K, Heap 2M
 Heap Min Capacity: 100M
 Heap Initial Capacity: 100M
 Heap Max Capacity: 1G
 Pre-touch: Disabled
 Parallel Workers: 10
Heap:
 PSYoungGen      total 18432K, used 11191K [0x00000000eab00000, 0x00000000ebf00000, 0x0000000100000000)
  eden space 17920K, 59% used [0x00000000eab00000,0x00000000eb572fc0,0x00000000ebc80000)
  from space 512K, 96% used [0x00000000ebe80000,0x00000000ebefae48,0x00000000ebf00000)
  to   space 512K, 0% used [0x00000000ebe00000,0x00000000ebe00000,0x00000000ebe80000)
 ParOldGen       total 97792K, used 86130K [0x00000000c0000000, 0x00000000c5f80000, 0x00000000eab00000)
  object space 97792K, 88% used [0x00000000c0000000,0x00000000c541cb90,0x00000000c5f80000)
 Metaspace       used 63163K, committed 64384K, reserved 1114112K
  class space    used 6781K, committed 7296K, reserved 1048576K
GC Heap History (20 events):
Event: 9.589 GC heap before
{Heap before GC invocations=41 (full 3):
 PSYoungGen      total 18944K, used 18476K [0x00000000eab00000, 0x00000000ebf00000, 0x0000000100000000)
  eden space 17920K, 100% used [0x00000000eab00000,0x00000000ebc80000,0x00000000ebc80000)
  from space 1024K, 54% used [0x00000000ebd80000,0x00000000ebe0b098,0x00000000ebe80000)
  to   space 512K, 0% used [0x00000000ebe80000,0x00000000ebe80000,0x00000000ebf00000)
 ParOldGen       total 68608K, used 42111K [0x00000000c0000000, 0x00000000c4300000, 0x00000000eab00000)
  object space 68608K, 61% used [0x00000000c0000000,0x00000000c291ff48,0x00000000c4300000)
 Metaspace       used 62599K, committed 63808K, reserved 1114112K
  class space    used 6724K, committed 7232K, reserved 1048576K
}
Event: 9.592 GC heap after
{Heap after GC invocations=41 (full 3):
 PSYoungGen      total 18432K, used 352K [0x00000000eab00000, 0x00000000ebf00000, 0x0000000100000000)
  eden space 17920K, 0% used [0x00000000eab00000,0x00000000eab00000,0x00000000ebc80000)
  from space 512K, 68% used [0x00000000ebe80000,0x00000000ebed8000,0x00000000ebf00000)
  to   space 512K, 0% used [0x00000000ebe00000,0x00000000ebe00000,0x00000000ebe80000)
 ParOldGen       total 68608K, used 46277K [0x00000000c0000000, 0x00000000c4300000, 0x00000000eab00000)
  object space 68608K, 67% used [0x00000000c0000000,0x00000000c2d31580,0x00000000c4300000)
 Metaspace       used 62599K, committed 63808K, reserved 1114112K
  class space    used 6724K, committed 7232K, reserved 1048576K
}
Event: 9.613 GC heap before
{Heap before GC invocations=42 (full 3):
 PSYoungGen      total 18432K, used 18272K [0x00000000eab00000, 0x00000000ebf00000, 0x0000000100000000)
  eden space 17920K, 100% used [0x00000000eab00000,0x00000000ebc80000,0x00000000ebc80000)
  from space 512K, 68% used [0x00000000ebe80000,0x00000000ebed8000,0x00000000ebf00000)
  to   space 512K, 0% used [0x00000000ebe00000,0x00000000ebe00000,0x00000000ebe80000)
 ParOldGen       total 68608K, used 46281K [0x00000000c0000000, 0x00000000c4300000, 0x00000000eab00000)
  object space 68608K, 67% used [0x00000000c0000000,0x00000000c2d32510,0x00000000c4300000)
 Metaspace       used 62655K, committed 63872K, reserved 1114112K
  class space    used 6730K, committed 7232K, reserved 1048576K
}
Event: 9.618 GC heap after
{Heap after GC invocations=42 (full 3):
 PSYoungGen      total 18432K, used 467K [0x00000000eab00000, 0x00000000ebf00000, 0x0000000100000000)
  eden space 17920K, 0% used [0x00000000eab00000,0x00000000eab00000,0x00000000ebc80000)
  from space 512K, 91% used [0x00000000ebe00000,0x00000000ebe74ea0,0x00000000ebe80000)
  to   space 512K, 0% used [0x00000000ebe80000,0x00000000ebe80000,0x00000000ebf00000)
 ParOldGen       total 68608K, used 54072K [0x00000000c0000000, 0x00000000c4300000, 0x00000000eab00000)
  object space 68608K, 78% used [0x00000000c0000000,0x00000000c34ce378,0x00000000c4300000)
 Metaspace       used 62655K, committed 63872K, reserved 1114112K
  class space    used 6730K, committed 7232K, reserved 1048576K
}
Event: 9.639 GC heap before
{Heap before GC invocations=43 (full 3):
 PSYoungGen      total 18432K, used 18387K [0x00000000eab00000, 0x00000000ebf00000, 0x0000000100000000)
  eden space 17920K, 100% used [0x00000000eab00000,0x00000000ebc80000,0x00000000ebc80000)
  from space 512K, 91% used [0x00000000ebe00000,0x00000000ebe74ea0,0x00000000ebe80000)
  to   space 512K, 0% used [0x00000000ebe80000,0x00000000ebe80000,0x00000000ebf00000)
 ParOldGen       total 68608K, used 54072K [0x00000000c0000000, 0x00000000c4300000, 0x00000000eab00000)
  object space 68608K, 78% used [0x00000000c0000000,0x00000000c34ce378,0x00000000c4300000)
 Metaspace       used 62735K, committed 63936K, reserved 1114112K
  class space    used 6732K, committed 7232K, reserved 1048576K
}
Event: 9.648 GC heap after
{Heap after GC invocations=43 (full 3):
 PSYoungGen      total 18432K, used 224K [0x00000000eab00000, 0x00000000ebf00000, 0x0000000100000000)
  eden space 17920K, 0% used [0x00000000eab00000,0x00000000eab00000,0x00000000ebc80000)
  from space 512K, 43% used [0x00000000ebe80000,0x00000000ebeb8000,0x00000000ebf00000)
  to   space 512K, 0% used [0x00000000ebe00000,0x00000000ebe00000,0x00000000ebe80000)
 ParOldGen       total 83968K, used 69681K [0x00000000c0000000, 0x00000000c5200000, 0x00000000eab00000)
  object space 83968K, 82% used [0x00000000c0000000,0x00000000c440c618,0x00000000c5200000)
 Metaspace       used 62735K, committed 63936K, reserved 1114112K
  class space    used 6732K, committed 7232K, reserved 1048576K
}
Event: 9.648 GC heap before
{Heap before GC invocations=44 (full 4):
 PSYoungGen      total 18432K, used 224K [0x00000000eab00000, 0x00000000ebf00000, 0x0000000100000000)
  eden space 17920K, 0% used [0x00000000eab00000,0x00000000eab00000,0x00000000ebc80000)
  from space 512K, 43% used [0x00000000ebe80000,0x00000000ebeb8000,0x00000000ebf00000)
  to   space 512K, 0% used [0x00000000ebe00000,0x00000000ebe00000,0x00000000ebe80000)
 ParOldGen       total 83968K, used 69681K [0x00000000c0000000, 0x00000000c5200000, 0x00000000eab00000)
  object space 83968K, 82% used [0x00000000c0000000,0x00000000c440c618,0x00000000c5200000)
 Metaspace       used 62735K, committed 63936K, reserved 1114112K
  class space    used 6732K, committed 7232K, reserved 1048576K
}
Event: 9.698 GC heap after
{Heap after GC invocations=44 (full 4):
 PSYoungGen      total 18432K, used 0K [0x00000000eab00000, 0x00000000ebf00000, 0x0000000100000000)
  eden space 17920K, 0% used [0x00000000eab00000,0x00000000eab00000,0x00000000ebc80000)
  from space 512K, 0% used [0x00000000ebe00000,0x00000000ebe00000,0x00000000ebe80000)
  to   space 512K, 0% used [0x00000000ebe80000,0x00000000ebe80000,0x00000000ebf00000)
 ParOldGen       total 97792K, used 55352K [0x00000000c0000000, 0x00000000c5f80000, 0x00000000eab00000)
  object space 97792K, 56% used [0x00000000c0000000,0x00000000c360e120,0x00000000c5f80000)
 Metaspace       used 62735K, committed 63936K, reserved 1114112K
  class space    used 6732K, committed 7232K, reserved 1048576K
}
Event: 9.733 GC heap before
{Heap before GC invocations=45 (full 4):
 PSYoungGen      total 18432K, used 17920K [0x00000000eab00000, 0x00000000ebf00000, 0x0000000100000000)
  eden space 17920K, 100% used [0x00000000eab00000,0x00000000ebc80000,0x00000000ebc80000)
  from space 512K, 0% used [0x00000000ebe00000,0x00000000ebe00000,0x00000000ebe80000)
  to   space 512K, 0% used [0x00000000ebe80000,0x00000000ebe80000,0x00000000ebf00000)
 ParOldGen       total 97792K, used 66361K [0x00000000c0000000, 0x00000000c5f80000, 0x00000000eab00000)
  object space 97792K, 67% used [0x00000000c0000000,0x00000000c40ce6c0,0x00000000c5f80000)
 Metaspace       used 62811K, committed 64000K, reserved 1114112K
  class space    used 6741K, committed 7232K, reserved 1048576K
}
Event: 9.735 GC heap after
{Heap after GC invocations=45 (full 4):
 PSYoungGen      total 18432K, used 383K [0x00000000eab00000, 0x00000000ebf00000, 0x0000000100000000)
  eden space 17920K, 0% used [0x00000000eab00000,0x00000000eab00000,0x00000000ebc80000)
  from space 512K, 74% used [0x00000000ebe80000,0x00000000ebedfdd8,0x00000000ebf00000)
  to   space 512K, 0% used [0x00000000ebe00000,0x00000000ebe00000,0x00000000ebe80000)
 ParOldGen       total 97792K, used 66369K [0x00000000c0000000, 0x00000000c5f80000, 0x00000000eab00000)
  object space 97792K, 67% used [0x00000000c0000000,0x00000000c40d06c0,0x00000000c5f80000)
 Metaspace       used 62811K, committed 64000K, reserved 1114112K
  class space    used 6741K, committed 7232K, reserved 1048576K
}
Event: 9.760 GC heap before
{Heap before GC invocations=46 (full 4):
 PSYoungGen      total 18432K, used 18303K [0x00000000eab00000, 0x00000000ebf00000, 0x0000000100000000)
  eden space 17920K, 100% used [0x00000000eab00000,0x00000000ebc80000,0x00000000ebc80000)
  from space 512K, 74% used [0x00000000ebe80000,0x00000000ebedfdd8,0x00000000ebf00000)
  to   space 512K, 0% used [0x00000000ebe00000,0x00000000ebe00000,0x00000000ebe80000)
 ParOldGen       total 97792K, used 66369K [0x00000000c0000000, 0x00000000c5f80000, 0x00000000eab00000)
  object space 97792K, 67% used [0x00000000c0000000,0x00000000c40d06c0,0x00000000c5f80000)
 Metaspace       used 62882K, committed 64064K, reserved 1114112K
  class space    used 6750K, committed 7232K, reserved 1048576K
}
Event: 9.762 GC heap after
{Heap after GC invocations=46 (full 4):
 PSYoungGen      total 18432K, used 482K [0x00000000eab00000, 0x00000000ebf00000, 0x0000000100000000)
  eden space 17920K, 0% used [0x00000000eab00000,0x00000000eab00000,0x00000000ebc80000)
  from space 512K, 94% used [0x00000000ebe00000,0x00000000ebe78b28,0x00000000ebe80000)
  to   space 512K, 0% used [0x00000000ebe80000,0x00000000ebe80000,0x00000000ebf00000)
 ParOldGen       total 97792K, used 69672K [0x00000000c0000000, 0x00000000c5f80000, 0x00000000eab00000)
  object space 97792K, 71% used [0x00000000c0000000,0x00000000c440a218,0x00000000c5f80000)
 Metaspace       used 62882K, committed 64064K, reserved 1114112K
  class space    used 6750K, committed 7232K, reserved 1048576K
}
Event: 9.782 GC heap before
{Heap before GC invocations=47 (full 4):
 PSYoungGen      total 18432K, used 18402K [0x00000000eab00000, 0x00000000ebf00000, 0x0000000100000000)
  eden space 17920K, 100% used [0x00000000eab00000,0x00000000ebc80000,0x00000000ebc80000)
  from space 512K, 94% used [0x00000000ebe00000,0x00000000ebe78b28,0x00000000ebe80000)
  to   space 512K, 0% used [0x00000000ebe80000,0x00000000ebe80000,0x00000000ebf00000)
 ParOldGen       total 97792K, used 69672K [0x00000000c0000000, 0x00000000c5f80000, 0x00000000eab00000)
  object space 97792K, 71% used [0x00000000c0000000,0x00000000c440a218,0x00000000c5f80000)
 Metaspace       used 62913K, committed 64064K, reserved 1114112K
  class space    used 6756K, committed 7232K, reserved 1048576K
}
Event: 9.785 GC heap after
{Heap after GC invocations=47 (full 4):
 PSYoungGen      total 18432K, used 512K [0x00000000eab00000, 0x00000000ebf00000, 0x0000000100000000)
  eden space 17920K, 0% used [0x00000000eab00000,0x00000000eab00000,0x00000000ebc80000)
  from space 512K, 100% used [0x00000000ebe80000,0x00000000ebf00000,0x00000000ebf00000)
  to   space 512K, 0% used [0x00000000ebe00000,0x00000000ebe00000,0x00000000ebe80000)
 ParOldGen       total 97792K, used 73090K [0x00000000c0000000, 0x00000000c5f80000, 0x00000000eab00000)
  object space 97792K, 74% used [0x00000000c0000000,0x00000000c4760af8,0x00000000c5f80000)
 Metaspace       used 62913K, committed 64064K, reserved 1114112K
  class space    used 6756K, committed 7232K, reserved 1048576K
}
Event: 9.801 GC heap before
{Heap before GC invocations=48 (full 4):
 PSYoungGen      total 18432K, used 18432K [0x00000000eab00000, 0x00000000ebf00000, 0x0000000100000000)
  eden space 17920K, 100% used [0x00000000eab00000,0x00000000ebc80000,0x00000000ebc80000)
  from space 512K, 100% used [0x00000000ebe80000,0x00000000ebf00000,0x00000000ebf00000)
  to   space 512K, 0% used [0x00000000ebe00000,0x00000000ebe00000,0x00000000ebe80000)
 ParOldGen       total 97792K, used 73090K [0x00000000c0000000, 0x00000000c5f80000, 0x00000000eab00000)
  object space 97792K, 74% used [0x00000000c0000000,0x00000000c4760af8,0x00000000c5f80000)
 Metaspace       used 62932K, committed 64064K, reserved 1114112K
  class space    used 6758K, committed 7232K, reserved 1048576K
}
Event: 9.803 GC heap after
{Heap after GC invocations=48 (full 4):
 PSYoungGen      total 18432K, used 512K [0x00000000eab00000, 0x00000000ebf00000, 0x0000000100000000)
  eden space 17920K, 0% used [0x00000000eab00000,0x00000000eab00000,0x00000000ebc80000)
  from space 512K, 100% used [0x00000000ebe00000,0x00000000ebe80000,0x00000000ebe80000)
  to   space 512K, 0% used [0x00000000ebe80000,0x00000000ebe80000,0x00000000ebf00000)
 ParOldGen       total 97792K, used 75242K [0x00000000c0000000, 0x00000000c5f80000, 0x00000000eab00000)
  object space 97792K, 76% used [0x00000000c0000000,0x00000000c497aaf8,0x00000000c5f80000)
 Metaspace       used 62932K, committed 64064K, reserved 1114112K
  class space    used 6758K, committed 7232K, reserved 1048576K
}
Event: 9.820 GC heap before
{Heap before GC invocations=49 (full 4):
 PSYoungGen      total 18432K, used 18432K [0x00000000eab00000, 0x00000000ebf00000, 0x0000000100000000)
  eden space 17920K, 100% used [0x00000000eab00000,0x00000000ebc80000,0x00000000ebc80000)
  from space 512K, 100% used [0x00000000ebe00000,0x00000000ebe80000,0x00000000ebe80000)
  to   space 512K, 0% used [0x00000000ebe80000,0x00000000ebe80000,0x00000000ebf00000)
 ParOldGen       total 97792K, used 75242K [0x00000000c0000000, 0x00000000c5f80000, 0x00000000eab00000)
  object space 97792K, 76% used [0x00000000c0000000,0x00000000c497aaf8,0x00000000c5f80000)
 Metaspace       used 62947K, committed 64128K, reserved 1114112K
  class space    used 6759K, committed 7232K, reserved 1048576K
}
Event: 9.823 GC heap after
{Heap after GC invocations=49 (full 4):
 PSYoungGen      total 18432K, used 512K [0x00000000eab00000, 0x00000000ebf00000, 0x0000000100000000)
  eden space 17920K, 0% used [0x00000000eab00000,0x00000000eab00000,0x00000000ebc80000)
  from space 512K, 100% used [0x00000000ebe80000,0x00000000ebf00000,0x00000000ebf00000)
  to   space 512K, 0% used [0x00000000ebe00000,0x00000000ebe00000,0x00000000ebe80000)
 ParOldGen       total 97792K, used 78050K [0x00000000c0000000, 0x00000000c5f80000, 0x00000000eab00000)
  object space 97792K, 79% used [0x00000000c0000000,0x00000000c4c38af8,0x00000000c5f80000)
 Metaspace       used 62947K, committed 64128K, reserved 1114112K
  class space    used 6759K, committed 7232K, reserved 1048576K
}
Event: 9.842 GC heap before
{Heap before GC invocations=50 (full 4):
 PSYoungGen      total 18432K, used 18432K [0x00000000eab00000, 0x00000000ebf00000, 0x0000000100000000)
  eden space 17920K, 100% used [0x00000000eab00000,0x00000000ebc80000,0x00000000ebc80000)
  from space 512K, 100% used [0x00000000ebe80000,0x00000000ebf00000,0x00000000ebf00000)
  to   space 512K, 0% used [0x00000000ebe00000,0x00000000ebe00000,0x00000000ebe80000)
 ParOldGen       total 97792K, used 78050K [0x00000000c0000000, 0x00000000c5f80000, 0x00000000eab00000)
  object space 97792K, 79% used [0x00000000c0000000,0x00000000c4c38af8,0x00000000c5f80000)
 Metaspace       used 62968K, committed 64128K, reserved 1114112K
  class space    used 6760K, committed 7232K, reserved 1048576K
}
Event: 9.845 GC heap after
{Heap after GC invocations=50 (full 4):
 PSYoungGen      total 18432K, used 509K [0x00000000eab00000, 0x00000000ebf00000, 0x0000000100000000)
  eden space 17920K, 0% used [0x00000000eab00000,0x00000000eab00000,0x00000000ebc80000)
  from space 512K, 99% used [0x00000000ebe00000,0x00000000ebe7f400,0x00000000ebe80000)
  to   space 512K, 0% used [0x00000000ebe80000,0x00000000ebe80000,0x00000000ebf00000)
 ParOldGen       total 97792K, used 81319K [0x00000000c0000000, 0x00000000c5f80000, 0x00000000eab00000)
  object space 97792K, 83% used [0x00000000c0000000,0x00000000c4f69df0,0x00000000c5f80000)
 Metaspace       used 62968K, committed 64128K, reserved 1114112K
  class space    used 6760K, committed 7232K, reserved 1048576K
}

